<?xml version="1.0" encoding="UTF-8"?>
<!-- Generated by org.testng.reporters.JUnitReportReporter -->
<testsuite skipped="0" hostname="Admin" name="Selenium.Program_Testng" tests="7" failures="0" timestamp="03 Aug 2019 17:19:52 GMT" time="0.038" errors="0">
  <testcase name="poonam" time="0.005" classname="Selenium.Program_Testng"/>
  <testcase name="poonam" time="0.003" classname="Selenium.Program_Testng"/>
  <testcase name="poonam" time="0.009" classname="Selenium.Program_Testng"/>
  <testcase name="poonam" time="0.010" classname="Selenium.Program_Testng"/>
  <testcase name="poonam" time="0.006" classname="Selenium.Program_Testng"/>
  <testcase name="shilpa" time="0.002" classname="Selenium.Program_Testng"/>
  <testcase name="pooja" time="0.003" classname="Selenium.Program_Testng"/>
</testsuite> <!-- Selenium.Program_Testng -->
