<?xml version="1.0" encoding="UTF-8"?>
<!-- Generated by org.testng.reporters.JUnitReportReporter -->
<testsuite skipped="0" hostname="Admin" name="Selenium.Program_TestNG2" tests="3" failures="0" timestamp="03 Aug 2019 17:26:35 GMT" time="0.024" errors="0">
  <testcase name="e1" time="0.010" classname="Selenium.Program_TestNG2"/>
  <testcase name="f1" time="0.006" classname="Selenium.Program_TestNG2"/>
  <testcase name="g1" time="0.008" classname="Selenium.Program_TestNG2"/>
</testsuite> <!-- Selenium.Program_TestNG2 -->
